This file contains any messages produced by compilers while
running configure, to aid debugging if configure makes a mistake.

It was created by liblqr-1 configure 0.4.2, which was
generated by GNU Autoconf 2.68.  Invocation command line was

  $ ./configure 

## --------- ##
## Platform. ##
## --------- ##

hostname = 74eef5cc5055
uname -m = x86_64
uname -r = 4.4.0-170-generic
uname -s = Linux
uname -v = #199-Ubuntu SMP Thu Nov 14 01:45:04 UTC 2019

/usr/bin/uname -p = unknown
/bin/uname -X     = unknown

/bin/arch              = unknown
/usr/bin/arch -k       = unknown
/usr/convex/getsysinfo = unknown
/usr/bin/hostinfo      = unknown
/bin/machine           = unknown
/usr/bin/oslevel       = unknown
/bin/universe          = unknown

PATH: /usr/local/nvidia/bin
PATH: /usr/local/cuda/bin
PATH: /usr/local/sbin
PATH: /usr/local/bin
PATH: /usr/sbin
PATH: /usr/bin
PATH: /sbin
PATH: /bin


## ----------- ##
## Core tests. ##
## ----------- ##

configure:2349: checking for a BSD-compatible install
configure:2417: result: /usr/bin/install -c
configure:2428: checking whether build environment is sane
configure:2465: result: yes
configure:2527: checking for gawk
configure:2557: result: no
configure:2527: checking for mawk
configure:2543: found /usr/bin/mawk
configure:2554: result: mawk
configure:2565: checking whether make sets $(MAKE)
configure:2587: result: yes
configure:2778: checking for style of include used by make
configure:2806: result: GNU
configure:2879: checking for gcc
configure:2895: found /usr/bin/gcc
configure:2906: result: gcc
configure:3135: checking for C compiler version
configure:3144: gcc --version >&5
gcc (Ubuntu 7.4.0-1ubuntu1~18.04.1) 7.4.0
Copyright (C) 2017 Free Software Foundation, Inc.
This is free software; see the source for copying conditions.  There is NO
warranty; not even for MERCHANTABILITY or FITNESS FOR A PARTICULAR PURPOSE.

configure:3155: $? = 0
configure:3144: gcc -v >&5
Using built-in specs.
COLLECT_GCC=gcc
COLLECT_LTO_WRAPPER=/usr/lib/gcc/x86_64-linux-gnu/7/lto-wrapper
OFFLOAD_TARGET_NAMES=nvptx-none
OFFLOAD_TARGET_DEFAULT=1
Target: x86_64-linux-gnu
Configured with: ../src/configure -v --with-pkgversion='Ubuntu 7.4.0-1ubuntu1~18.04.1' --with-bugurl=file:///usr/share/doc/gcc-7/README.Bugs --enable-languages=c,ada,c++,go,brig,d,fortran,objc,obj-c++ --prefix=/usr --with-gcc-major-version-only --program-suffix=-7 --program-prefix=x86_64-linux-gnu- --enable-shared --enable-linker-build-id --libexecdir=/usr/lib --without-included-gettext --enable-threads=posix --libdir=/usr/lib --enable-nls --with-sysroot=/ --enable-clocale=gnu --enable-libstdcxx-debug --enable-libstdcxx-time=yes --with-default-libstdcxx-abi=new --enable-gnu-unique-object --disable-vtable-verify --enable-libmpx --enable-plugin --enable-default-pie --with-system-zlib --with-target-system-zlib --enable-objc-gc=auto --enable-multiarch --disable-werror --with-arch-32=i686 --with-abi=m64 --with-multilib-list=m32,m64,mx32 --enable-multilib --with-tune=generic --enable-offload-targets=nvptx-none --without-cuda-driver --enable-checking=release --build=x86_64-linux-gnu --host=x86_64-linux-gnu --target=x86_64-linux-gnu
Thread model: posix
gcc version 7.4.0 (Ubuntu 7.4.0-1ubuntu1~18.04.1) 
configure:3155: $? = 0
configure:3144: gcc -V >&5
gcc: error: unrecognized command line option '-V'
gcc: fatal error: no input files
compilation terminated.
configure:3155: $? = 1
configure:3144: gcc -qversion >&5
gcc: error: unrecognized command line option '-qversion'; did you mean '--version'?
gcc: fatal error: no input files
compilation terminated.
configure:3155: $? = 1
configure:3175: checking whether the C compiler works
configure:3197: gcc    conftest.c  >&5
configure:3201: $? = 0
configure:3249: result: yes
configure:3252: checking for C compiler default output file name
configure:3254: result: a.out
configure:3260: checking for suffix of executables
configure:3267: gcc -o conftest    conftest.c  >&5
configure:3271: $? = 0
configure:3293: result: 
configure:3315: checking whether we are cross compiling
configure:3323: gcc -o conftest    conftest.c  >&5
configure:3327: $? = 0
configure:3334: ./conftest
configure:3338: $? = 0
configure:3353: result: no
configure:3358: checking for suffix of object files
configure:3380: gcc -c   conftest.c >&5
configure:3384: $? = 0
configure:3405: result: o
configure:3409: checking whether we are using the GNU C compiler
configure:3428: gcc -c   conftest.c >&5
configure:3428: $? = 0
configure:3437: result: yes
configure:3446: checking whether gcc accepts -g
configure:3466: gcc -c -g  conftest.c >&5
configure:3466: $? = 0
configure:3507: result: yes
configure:3524: checking for gcc option to accept ISO C89
configure:3588: gcc  -c -g -O2  conftest.c >&5
configure:3588: $? = 0
configure:3601: result: none needed
configure:3623: checking dependency style of gcc
configure:3713: result: gcc3
configure:3731: checking for library containing strerror
configure:3762: gcc -o conftest -g -O2   conftest.c  >&5
configure:3762: $? = 0
configure:3779: result: none required
configure:3835: checking for gcc
configure:3862: result: gcc
configure:4091: checking for C compiler version
configure:4100: gcc --version >&5
gcc (Ubuntu 7.4.0-1ubuntu1~18.04.1) 7.4.0
Copyright (C) 2017 Free Software Foundation, Inc.
This is free software; see the source for copying conditions.  There is NO
warranty; not even for MERCHANTABILITY or FITNESS FOR A PARTICULAR PURPOSE.

configure:4111: $? = 0
configure:4100: gcc -v >&5
Using built-in specs.
COLLECT_GCC=gcc
COLLECT_LTO_WRAPPER=/usr/lib/gcc/x86_64-linux-gnu/7/lto-wrapper
OFFLOAD_TARGET_NAMES=nvptx-none
OFFLOAD_TARGET_DEFAULT=1
Target: x86_64-linux-gnu
Configured with: ../src/configure -v --with-pkgversion='Ubuntu 7.4.0-1ubuntu1~18.04.1' --with-bugurl=file:///usr/share/doc/gcc-7/README.Bugs --enable-languages=c,ada,c++,go,brig,d,fortran,objc,obj-c++ --prefix=/usr --with-gcc-major-version-only --program-suffix=-7 --program-prefix=x86_64-linux-gnu- --enable-shared --enable-linker-build-id --libexecdir=/usr/lib --without-included-gettext --enable-threads=posix --libdir=/usr/lib --enable-nls --with-sysroot=/ --enable-clocale=gnu --enable-libstdcxx-debug --enable-libstdcxx-time=yes --with-default-libstdcxx-abi=new --enable-gnu-unique-object --disable-vtable-verify --enable-libmpx --enable-plugin --enable-default-pie --with-system-zlib --with-target-system-zlib --enable-objc-gc=auto --enable-multiarch --disable-werror --with-arch-32=i686 --with-abi=m64 --with-multilib-list=m32,m64,mx32 --enable-multilib --with-tune=generic --enable-offload-targets=nvptx-none --without-cuda-driver --enable-checking=release --build=x86_64-linux-gnu --host=x86_64-linux-gnu --target=x86_64-linux-gnu
Thread model: posix
gcc version 7.4.0 (Ubuntu 7.4.0-1ubuntu1~18.04.1) 
configure:4111: $? = 0
configure:4100: gcc -V >&5
gcc: error: unrecognized command line option '-V'
gcc: fatal error: no input files
compilation terminated.
configure:4111: $? = 1
configure:4100: gcc -qversion >&5
gcc: error: unrecognized command line option '-qversion'; did you mean '--version'?
gcc: fatal error: no input files
compilation terminated.
configure:4111: $? = 1
configure:4115: checking whether we are using the GNU C compiler
configure:4143: result: yes
configure:4152: checking whether gcc accepts -g
configure:4213: result: yes
configure:4230: checking for gcc option to accept ISO C89
configure:4307: result: none needed
configure:4329: checking dependency style of gcc
configure:4419: result: gcc3
configure:4494: checking for g++
configure:4510: found /usr/bin/g++
configure:4521: result: g++
configure:4548: checking for C++ compiler version
configure:4557: g++ --version >&5
g++ (Ubuntu 7.4.0-1ubuntu1~18.04.1) 7.4.0
Copyright (C) 2017 Free Software Foundation, Inc.
This is free software; see the source for copying conditions.  There is NO
warranty; not even for MERCHANTABILITY or FITNESS FOR A PARTICULAR PURPOSE.

configure:4568: $? = 0
configure:4557: g++ -v >&5
Using built-in specs.
COLLECT_GCC=g++
COLLECT_LTO_WRAPPER=/usr/lib/gcc/x86_64-linux-gnu/7/lto-wrapper
OFFLOAD_TARGET_NAMES=nvptx-none
OFFLOAD_TARGET_DEFAULT=1
Target: x86_64-linux-gnu
Configured with: ../src/configure -v --with-pkgversion='Ubuntu 7.4.0-1ubuntu1~18.04.1' --with-bugurl=file:///usr/share/doc/gcc-7/README.Bugs --enable-languages=c,ada,c++,go,brig,d,fortran,objc,obj-c++ --prefix=/usr --with-gcc-major-version-only --program-suffix=-7 --program-prefix=x86_64-linux-gnu- --enable-shared --enable-linker-build-id --libexecdir=/usr/lib --without-included-gettext --enable-threads=posix --libdir=/usr/lib --enable-nls --with-sysroot=/ --enable-clocale=gnu --enable-libstdcxx-debug --enable-libstdcxx-time=yes --with-default-libstdcxx-abi=new --enable-gnu-unique-object --disable-vtable-verify --enable-libmpx --enable-plugin --enable-default-pie --with-system-zlib --with-target-system-zlib --enable-objc-gc=auto --enable-multiarch --disable-werror --with-arch-32=i686 --with-abi=m64 --with-multilib-list=m32,m64,mx32 --enable-multilib --with-tune=generic --enable-offload-targets=nvptx-none --without-cuda-driver --enable-checking=release --build=x86_64-linux-gnu --host=x86_64-linux-gnu --target=x86_64-linux-gnu
Thread model: posix
gcc version 7.4.0 (Ubuntu 7.4.0-1ubuntu1~18.04.1) 
configure:4568: $? = 0
configure:4557: g++ -V >&5
g++: error: unrecognized command line option '-V'
g++: fatal error: no input files
compilation terminated.
configure:4568: $? = 1
configure:4557: g++ -qversion >&5
g++: error: unrecognized command line option '-qversion'; did you mean '--version'?
g++: fatal error: no input files
compilation terminated.
configure:4568: $? = 1
configure:4572: checking whether we are using the GNU C++ compiler
configure:4591: g++ -c   conftest.cpp >&5
configure:4591: $? = 0
configure:4600: result: yes
configure:4609: checking whether g++ accepts -g
configure:4629: g++ -c -g  conftest.cpp >&5
configure:4629: $? = 0
configure:4670: result: yes
configure:4695: checking dependency style of g++
configure:4785: result: gcc3
configure:4850: checking for gcc
configure:4877: result: gcc
configure:5106: checking for C compiler version
configure:5115: gcc --version >&5
gcc (Ubuntu 7.4.0-1ubuntu1~18.04.1) 7.4.0
Copyright (C) 2017 Free Software Foundation, Inc.
This is free software; see the source for copying conditions.  There is NO
warranty; not even for MERCHANTABILITY or FITNESS FOR A PARTICULAR PURPOSE.

configure:5126: $? = 0
configure:5115: gcc -v >&5
Using built-in specs.
COLLECT_GCC=gcc
COLLECT_LTO_WRAPPER=/usr/lib/gcc/x86_64-linux-gnu/7/lto-wrapper
OFFLOAD_TARGET_NAMES=nvptx-none
OFFLOAD_TARGET_DEFAULT=1
Target: x86_64-linux-gnu
Configured with: ../src/configure -v --with-pkgversion='Ubuntu 7.4.0-1ubuntu1~18.04.1' --with-bugurl=file:///usr/share/doc/gcc-7/README.Bugs --enable-languages=c,ada,c++,go,brig,d,fortran,objc,obj-c++ --prefix=/usr --with-gcc-major-version-only --program-suffix=-7 --program-prefix=x86_64-linux-gnu- --enable-shared --enable-linker-build-id --libexecdir=/usr/lib --without-included-gettext --enable-threads=posix --libdir=/usr/lib --enable-nls --with-sysroot=/ --enable-clocale=gnu --enable-libstdcxx-debug --enable-libstdcxx-time=yes --with-default-libstdcxx-abi=new --enable-gnu-unique-object --disable-vtable-verify --enable-libmpx --enable-plugin --enable-default-pie --with-system-zlib --with-target-system-zlib --enable-objc-gc=auto --enable-multiarch --disable-werror --with-arch-32=i686 --with-abi=m64 --with-multilib-list=m32,m64,mx32 --enable-multilib --with-tune=generic --enable-offload-targets=nvptx-none --without-cuda-driver --enable-checking=release --build=x86_64-linux-gnu --host=x86_64-linux-gnu --target=x86_64-linux-gnu
Thread model: posix
gcc version 7.4.0 (Ubuntu 7.4.0-1ubuntu1~18.04.1) 
configure:5126: $? = 0
configure:5115: gcc -V >&5
gcc: error: unrecognized command line option '-V'
gcc: fatal error: no input files
compilation terminated.
configure:5126: $? = 1
configure:5115: gcc -qversion >&5
gcc: error: unrecognized command line option '-qversion'; did you mean '--version'?
gcc: fatal error: no input files
compilation terminated.
configure:5126: $? = 1
configure:5130: checking whether we are using the GNU C compiler
configure:5158: result: yes
configure:5167: checking whether gcc accepts -g
configure:5228: result: yes
configure:5245: checking for gcc option to accept ISO C89
configure:5322: result: none needed
configure:5344: checking dependency style of gcc
configure:5434: result: gcc3
configure:5455: checking whether ln -s works
configure:5459: result: yes
configure:5466: checking whether make sets $(MAKE)
configure:5488: result: yes
configure:5540: checking for ranlib
configure:5556: found /usr/bin/ranlib
configure:5567: result: ranlib
configure:5594: checking how to run the C preprocessor
configure:5625: gcc -E  conftest.c
configure:5625: $? = 0
configure:5639: gcc -E  conftest.c
conftest.c:18:10: fatal error: ac_nonexistent.h: No such file or directory
 #include <ac_nonexistent.h>
          ^~~~~~~~~~~~~~~~~~
compilation terminated.
configure:5639: $? = 1
configure: failed program was:
| /* confdefs.h */
| #define PACKAGE_NAME "liblqr-1"
| #define PACKAGE_TARNAME "liblqr-1"
| #define PACKAGE_VERSION "0.4.2"
| #define PACKAGE_STRING "liblqr-1 0.4.2"
| #define PACKAGE_BUGREPORT ""
| #define PACKAGE_URL ""
| #define LIBRARY_NAME PACKAGE_NAME
| #define PACKAGE_MAJOR_VERSION 0
| #define PACKAGE_MINOR_VERSION 4
| #define PACKAGE_MICRO_VERSION 2
| #define LTVERSION_CURRENT 3
| #define LTVERSION_REVISON 2
| #define LTVERSION_AGE 3
| #define PACKAGE "liblqr-1"
| #define VERSION "0.4.2"
| /* end confdefs.h.  */
| #include <ac_nonexistent.h>
configure:5664: result: gcc -E
configure:5684: gcc -E  conftest.c
configure:5684: $? = 0
configure:5698: gcc -E  conftest.c
conftest.c:18:10: fatal error: ac_nonexistent.h: No such file or directory
 #include <ac_nonexistent.h>
          ^~~~~~~~~~~~~~~~~~
compilation terminated.
configure:5698: $? = 1
configure: failed program was:
| /* confdefs.h */
| #define PACKAGE_NAME "liblqr-1"
| #define PACKAGE_TARNAME "liblqr-1"
| #define PACKAGE_VERSION "0.4.2"
| #define PACKAGE_STRING "liblqr-1 0.4.2"
| #define PACKAGE_BUGREPORT ""
| #define PACKAGE_URL ""
| #define LIBRARY_NAME PACKAGE_NAME
| #define PACKAGE_MAJOR_VERSION 0
| #define PACKAGE_MINOR_VERSION 4
| #define PACKAGE_MICRO_VERSION 2
| #define LTVERSION_CURRENT 3
| #define LTVERSION_REVISON 2
| #define LTVERSION_AGE 3
| #define PACKAGE "liblqr-1"
| #define VERSION "0.4.2"
| /* end confdefs.h.  */
| #include <ac_nonexistent.h>
configure:5727: checking for grep that handles long lines and -e
configure:5785: result: /bin/grep
configure:5790: checking for egrep
configure:5852: result: /bin/grep -E
configure:5857: checking for ANSI C header files
configure:5877: gcc -c -g -O2  conftest.c >&5
configure:5877: $? = 0
configure:5950: gcc -o conftest -g -O2   conftest.c  >&5
configure:5950: $? = 0
configure:5950: ./conftest
configure:5950: $? = 0
configure:5961: result: yes
configure:5970: checking for inline
configure:5986: gcc -c -g -O2  conftest.c >&5
configure:5986: $? = 0
configure:5994: result: inline
configure:6012: checking for working volatile
configure:6031: gcc -c -g -O2  conftest.c >&5
configure:6031: $? = 0
configure:6038: result: yes
configure:6107: checking build system type
configure:6121: result: x86_64-unknown-linux-gnu
configure:6141: checking host system type
configure:6154: result: x86_64-unknown-linux-gnu
configure:6195: checking how to print strings
configure:6222: result: printf
configure:6243: checking for a sed that does not truncate output
configure:6307: result: /bin/sed
configure:6325: checking for fgrep
configure:6387: result: /bin/grep -F
configure:6422: checking for ld used by gcc
configure:6489: result: /usr/bin/ld
configure:6496: checking if the linker (/usr/bin/ld) is GNU ld
configure:6511: result: yes
configure:6523: checking for BSD- or MS-compatible name lister (nm)
configure:6572: result: /usr/bin/nm -B
configure:6702: checking the name lister (/usr/bin/nm -B) interface
configure:6709: gcc -c -g -O2  conftest.c >&5
configure:6712: /usr/bin/nm -B "conftest.o"
configure:6715: output
0000000000000000 B some_variable
configure:6722: result: BSD nm
configure:6726: checking the maximum length of command line arguments
configure:6856: result: 1572864
configure:6873: checking whether the shell understands some XSI constructs
configure:6883: result: yes
configure:6887: checking whether the shell understands "+="
configure:6893: result: yes
configure:6928: checking how to convert x86_64-unknown-linux-gnu file names to x86_64-unknown-linux-gnu format
configure:6968: result: func_convert_file_noop
configure:6975: checking how to convert x86_64-unknown-linux-gnu file names to toolchain format
configure:6995: result: func_convert_file_noop
configure:7002: checking for /usr/bin/ld option to reload object files
configure:7009: result: -r
configure:7083: checking for objdump
configure:7099: found /usr/bin/objdump
configure:7110: result: objdump
configure:7139: checking how to recognize dependent libraries
configure:7341: result: pass_all
configure:7426: checking for dlltool
configure:7456: result: no
configure:7483: checking how to associate runtime and link libraries
configure:7510: result: printf %s\n
configure:7570: checking for ar
configure:7586: found /usr/bin/ar
configure:7597: result: ar
configure:7634: checking for archiver @FILE support
configure:7651: gcc -c -g -O2  conftest.c >&5
configure:7651: $? = 0
configure:7654: ar cru libconftest.a @conftest.lst >&5
ar: `u' modifier ignored since `D' is the default (see `U')
configure:7657: $? = 0
configure:7662: ar cru libconftest.a @conftest.lst >&5
ar: `u' modifier ignored since `D' is the default (see `U')
ar: conftest.o: No such file or directory
configure:7665: $? = 1
configure:7677: result: @
configure:7735: checking for strip
configure:7751: found /usr/bin/strip
configure:7762: result: strip
configure:7834: checking for ranlib
configure:7861: result: ranlib
configure:7963: checking command to parse /usr/bin/nm -B output from gcc object
configure:8083: gcc -c -g -O2  conftest.c >&5
configure:8086: $? = 0
configure:8090: /usr/bin/nm -B conftest.o \| sed -n -e 's/^.*[ ]\([ABCDGIRSTW][ABCDGIRSTW]*\)[ ][ ]*\([_A-Za-z][_A-Za-z0-9]*\)$/\1 \2 \2/p' | sed '/ __gnu_lto/d' \> conftest.nm
configure:8093: $? = 0
configure:8159: gcc -o conftest -g -O2   conftest.c conftstm.o >&5
configure:8162: $? = 0
configure:8200: result: ok
configure:8237: checking for sysroot
configure:8267: result: no
configure:8344: gcc -c -g -O2  conftest.c >&5
configure:8347: $? = 0
configure:8523: checking for mt
configure:8553: result: no
configure:8573: checking if : is a manifest tool
configure:8579: : '-?'
configure:8587: result: no
configure:9229: checking for sys/types.h
configure:9229: gcc -c -g -O2  conftest.c >&5
configure:9229: $? = 0
configure:9229: result: yes
configure:9229: checking for sys/stat.h
configure:9229: gcc -c -g -O2  conftest.c >&5
configure:9229: $? = 0
configure:9229: result: yes
configure:9229: checking for stdlib.h
configure:9229: gcc -c -g -O2  conftest.c >&5
configure:9229: $? = 0
configure:9229: result: yes
configure:9229: checking for string.h
configure:9229: gcc -c -g -O2  conftest.c >&5
configure:9229: $? = 0
configure:9229: result: yes
configure:9229: checking for memory.h
configure:9229: gcc -c -g -O2  conftest.c >&5
configure:9229: $? = 0
configure:9229: result: yes
configure:9229: checking for strings.h
configure:9229: gcc -c -g -O2  conftest.c >&5
configure:9229: $? = 0
configure:9229: result: yes
configure:9229: checking for inttypes.h
configure:9229: gcc -c -g -O2  conftest.c >&5
configure:9229: $? = 0
configure:9229: result: yes
configure:9229: checking for stdint.h
configure:9229: gcc -c -g -O2  conftest.c >&5
configure:9229: $? = 0
configure:9229: result: yes
configure:9229: checking for unistd.h
configure:9229: gcc -c -g -O2  conftest.c >&5
configure:9229: $? = 0
configure:9229: result: yes
configure:9243: checking for dlfcn.h
configure:9243: gcc -c -g -O2  conftest.c >&5
configure:9243: $? = 0
configure:9243: result: yes
configure:9728: checking for objdir
configure:9743: result: .libs
configure:10010: checking if gcc supports -fno-rtti -fno-exceptions
configure:10028: gcc -c -g -O2  -fno-rtti -fno-exceptions conftest.c >&5
cc1: warning: command line option '-fno-rtti' is valid for C++/ObjC++ but not for C
configure:10032: $? = 0
configure:10045: result: no
configure:10372: checking for gcc option to produce PIC
configure:10379: result: -fPIC -DPIC
configure:10387: checking if gcc PIC flag -fPIC -DPIC works
configure:10405: gcc -c -g -O2  -fPIC -DPIC -DPIC conftest.c >&5
configure:10409: $? = 0
configure:10422: result: yes
configure:10451: checking if gcc static flag -static works
configure:10479: result: yes
configure:10494: checking if gcc supports -c -o file.o
configure:10515: gcc -c -g -O2  -o out/conftest2.o conftest.c >&5
configure:10519: $? = 0
configure:10541: result: yes
configure:10549: checking if gcc supports -c -o file.o
configure:10596: result: yes
configure:10629: checking whether the gcc linker (/usr/bin/ld -m elf_x86_64) supports shared libraries
configure:11786: result: yes
configure:11823: checking whether -lc should be explicitly linked in
configure:11831: gcc -c -g -O2  conftest.c >&5
configure:11834: $? = 0
configure:11849: gcc -shared  -fPIC -DPIC conftest.o  -v -Wl,-soname -Wl,conftest -o conftest 2\>\&1 \| /bin/grep  -lc  \>/dev/null 2\>\&1
configure:11852: $? = 0
configure:11866: result: no
configure:12026: checking dynamic linker characteristics
configure:12537: gcc -o conftest -g -O2   -Wl,-rpath -Wl,/foo conftest.c  >&5
configure:12537: $? = 0
configure:12771: result: GNU/Linux ld.so
configure:12878: checking how to hardcode library paths into programs
configure:12903: result: immediate
configure:13443: checking whether stripping libraries is possible
configure:13448: result: yes
configure:13483: checking if libtool supports shared libraries
configure:13485: result: yes
configure:13488: checking whether to build shared libraries
configure:13509: result: yes
configure:13512: checking whether to build static libraries
configure:13516: result: no
configure:13539: checking how to run the C++ preprocessor
configure:13566: g++ -E  conftest.cpp
configure:13566: $? = 0
configure:13580: g++ -E  conftest.cpp
conftest.cpp:30:10: fatal error: ac_nonexistent.h: No such file or directory
 #include <ac_nonexistent.h>
          ^~~~~~~~~~~~~~~~~~
compilation terminated.
configure:13580: $? = 1
configure: failed program was:
| /* confdefs.h */
| #define PACKAGE_NAME "liblqr-1"
| #define PACKAGE_TARNAME "liblqr-1"
| #define PACKAGE_VERSION "0.4.2"
| #define PACKAGE_STRING "liblqr-1 0.4.2"
| #define PACKAGE_BUGREPORT ""
| #define PACKAGE_URL ""
| #define LIBRARY_NAME PACKAGE_NAME
| #define PACKAGE_MAJOR_VERSION 0
| #define PACKAGE_MINOR_VERSION 4
| #define PACKAGE_MICRO_VERSION 2
| #define LTVERSION_CURRENT 3
| #define LTVERSION_REVISON 2
| #define LTVERSION_AGE 3
| #define PACKAGE "liblqr-1"
| #define VERSION "0.4.2"
| #define STDC_HEADERS 1
| #define HAVE_SYS_TYPES_H 1
| #define HAVE_SYS_STAT_H 1
| #define HAVE_STDLIB_H 1
| #define HAVE_STRING_H 1
| #define HAVE_MEMORY_H 1
| #define HAVE_STRINGS_H 1
| #define HAVE_INTTYPES_H 1
| #define HAVE_STDINT_H 1
| #define HAVE_UNISTD_H 1
| #define HAVE_DLFCN_H 1
| #define LT_OBJDIR ".libs/"
| /* end confdefs.h.  */
| #include <ac_nonexistent.h>
configure:13605: result: g++ -E
configure:13625: g++ -E  conftest.cpp
configure:13625: $? = 0
configure:13639: g++ -E  conftest.cpp
conftest.cpp:30:10: fatal error: ac_nonexistent.h: No such file or directory
 #include <ac_nonexistent.h>
          ^~~~~~~~~~~~~~~~~~
compilation terminated.
configure:13639: $? = 1
configure: failed program was:
| /* confdefs.h */
| #define PACKAGE_NAME "liblqr-1"
| #define PACKAGE_TARNAME "liblqr-1"
| #define PACKAGE_VERSION "0.4.2"
| #define PACKAGE_STRING "liblqr-1 0.4.2"
| #define PACKAGE_BUGREPORT ""
| #define PACKAGE_URL ""
| #define LIBRARY_NAME PACKAGE_NAME
| #define PACKAGE_MAJOR_VERSION 0
| #define PACKAGE_MINOR_VERSION 4
| #define PACKAGE_MICRO_VERSION 2
| #define LTVERSION_CURRENT 3
| #define LTVERSION_REVISON 2
| #define LTVERSION_AGE 3
| #define PACKAGE "liblqr-1"
| #define VERSION "0.4.2"
| #define STDC_HEADERS 1
| #define HAVE_SYS_TYPES_H 1
| #define HAVE_SYS_STAT_H 1
| #define HAVE_STDLIB_H 1
| #define HAVE_STRING_H 1
| #define HAVE_MEMORY_H 1
| #define HAVE_STRINGS_H 1
| #define HAVE_INTTYPES_H 1
| #define HAVE_STDINT_H 1
| #define HAVE_UNISTD_H 1
| #define HAVE_DLFCN_H 1
| #define LT_OBJDIR ".libs/"
| /* end confdefs.h.  */
| #include <ac_nonexistent.h>
configure:13808: checking for ld used by g++
configure:13875: result: /usr/bin/ld -m elf_x86_64
configure:13882: checking if the linker (/usr/bin/ld -m elf_x86_64) is GNU ld
configure:13897: result: yes
configure:13952: checking whether the g++ linker (/usr/bin/ld -m elf_x86_64) supports shared libraries
configure:14957: result: yes
configure:14993: g++ -c -g -O2  conftest.cpp >&5
configure:14996: $? = 0
configure:15516: checking for g++ option to produce PIC
configure:15523: result: -fPIC -DPIC
configure:15531: checking if g++ PIC flag -fPIC -DPIC works
configure:15549: g++ -c -g -O2  -fPIC -DPIC -DPIC conftest.cpp >&5
configure:15553: $? = 0
configure:15566: result: yes
configure:15589: checking if g++ static flag -static works
configure:15617: result: yes
configure:15629: checking if g++ supports -c -o file.o
configure:15650: g++ -c -g -O2  -o out/conftest2.o conftest.cpp >&5
configure:15654: $? = 0
configure:15676: result: yes
configure:15681: checking if g++ supports -c -o file.o
configure:15728: result: yes
configure:15758: checking whether the g++ linker (/usr/bin/ld -m elf_x86_64) supports shared libraries
configure:15797: result: yes
configure:15938: checking dynamic linker characteristics
configure:16617: result: GNU/Linux ld.so
configure:16670: checking how to hardcode library paths into programs
configure:16695: result: immediate
configure:16759: checking whether to enable maintainer-specific portions of Makefiles
configure:16768: result: no
configure:16847: checking for pkg-config
configure:16865: found /usr/bin/pkg-config
configure:16877: result: /usr/bin/pkg-config
configure:16902: checking pkg-config is at least version 0.9.0
configure:16905: result: yes
configure:16915: checking for GLIB
configure:16922: $PKG_CONFIG --exists --print-errors "glib-2.0 >= $GLIB_REQUIRED_VERSION"
configure:16925: $? = 0
configure:16939: $PKG_CONFIG --exists --print-errors "glib-2.0 >= $GLIB_REQUIRED_VERSION"
configure:16942: $? = 0
configure:17000: result: yes
configure:17016: checking for bind_textdomain_codeset
configure:17016: gcc -o conftest -g -O2 -Wall   conftest.c  >&5
configure:17016: $? = 0
configure:17016: result: yes
configure:17104: checking if we are on Win32
configure:17120: gcc -E  conftest.c
conftest.c:33:7: error: invalid preprocessing directive #errrrrrrrrorrrrr
      #errrrrrrrrorrrrr
       ^~~~~~~~~~~~~~~~
configure:17120: $? = 1
configure: failed program was:
| /* confdefs.h */
| #define PACKAGE_NAME "liblqr-1"
| #define PACKAGE_TARNAME "liblqr-1"
| #define PACKAGE_VERSION "0.4.2"
| #define PACKAGE_STRING "liblqr-1 0.4.2"
| #define PACKAGE_BUGREPORT ""
| #define PACKAGE_URL ""
| #define LIBRARY_NAME PACKAGE_NAME
| #define PACKAGE_MAJOR_VERSION 0
| #define PACKAGE_MINOR_VERSION 4
| #define PACKAGE_MICRO_VERSION 2
| #define LTVERSION_CURRENT 3
| #define LTVERSION_REVISON 2
| #define LTVERSION_AGE 3
| #define PACKAGE "liblqr-1"
| #define VERSION "0.4.2"
| #define STDC_HEADERS 1
| #define HAVE_SYS_TYPES_H 1
| #define HAVE_SYS_STAT_H 1
| #define HAVE_STDLIB_H 1
| #define HAVE_STRING_H 1
| #define HAVE_MEMORY_H 1
| #define HAVE_STRINGS_H 1
| #define HAVE_INTTYPES_H 1
| #define HAVE_STDINT_H 1
| #define HAVE_UNISTD_H 1
| #define HAVE_DLFCN_H 1
| #define LT_OBJDIR ".libs/"
| #define HAVE_BIND_TEXTDOMAIN_CODESET 1
| /* end confdefs.h.  */
| 
| 		   #ifndef WIN32
| 		   #errrrrrrrrorrrrr
| 		   #endif
| 
configure:17130: result: no
configure:17288: creating ./config.status

## ---------------------- ##
## Running config.status. ##
## ---------------------- ##

This file was extended by liblqr-1 config.status 0.4.2, which was
generated by GNU Autoconf 2.68.  Invocation command line was

  CONFIG_FILES    = 
  CONFIG_HEADERS  = 
  CONFIG_LINKS    = 
  CONFIG_COMMANDS = 
  $ ./config.status 

on 74eef5cc5055

config.status:1178: creating Makefile
config.status:1178: creating lqr/Makefile
config.status:1178: creating man/Makefile
config.status:1178: creating lqr-1.pc
config.status:1178: creating config.h
config.status:1400: executing depfiles commands
config.status:1400: executing libtool commands

## ---------------- ##
## Cache variables. ##
## ---------------- ##

ac_cv_build=x86_64-unknown-linux-gnu
ac_cv_c_compiler_gnu=yes
ac_cv_c_inline=inline
ac_cv_c_volatile=yes
ac_cv_cxx_compiler_gnu=yes
ac_cv_env_CCC_set=
ac_cv_env_CCC_value=
ac_cv_env_CC_set=
ac_cv_env_CC_value=
ac_cv_env_CFLAGS_set=
ac_cv_env_CFLAGS_value=
ac_cv_env_CPPFLAGS_set=
ac_cv_env_CPPFLAGS_value=
ac_cv_env_CPP_set=
ac_cv_env_CPP_value=
ac_cv_env_CXXCPP_set=
ac_cv_env_CXXCPP_value=
ac_cv_env_CXXFLAGS_set=
ac_cv_env_CXXFLAGS_value=
ac_cv_env_CXX_set=
ac_cv_env_CXX_value=
ac_cv_env_GLIB_CFLAGS_set=
ac_cv_env_GLIB_CFLAGS_value=
ac_cv_env_GLIB_LIBS_set=
ac_cv_env_GLIB_LIBS_value=
ac_cv_env_LDFLAGS_set=
ac_cv_env_LDFLAGS_value=
ac_cv_env_LIBS_set=
ac_cv_env_LIBS_value=
ac_cv_env_PKG_CONFIG_LIBDIR_set=
ac_cv_env_PKG_CONFIG_LIBDIR_value=
ac_cv_env_PKG_CONFIG_PATH_set=
ac_cv_env_PKG_CONFIG_PATH_value=
ac_cv_env_PKG_CONFIG_set=
ac_cv_env_PKG_CONFIG_value=
ac_cv_env_build_alias_set=
ac_cv_env_build_alias_value=
ac_cv_env_host_alias_set=
ac_cv_env_host_alias_value=
ac_cv_env_target_alias_set=
ac_cv_env_target_alias_value=
ac_cv_func_bind_textdomain_codeset=yes
ac_cv_header_dlfcn_h=yes
ac_cv_header_inttypes_h=yes
ac_cv_header_memory_h=yes
ac_cv_header_stdc=yes
ac_cv_header_stdint_h=yes
ac_cv_header_stdlib_h=yes
ac_cv_header_string_h=yes
ac_cv_header_strings_h=yes
ac_cv_header_sys_stat_h=yes
ac_cv_header_sys_types_h=yes
ac_cv_header_unistd_h=yes
ac_cv_host=x86_64-unknown-linux-gnu
ac_cv_objext=o
ac_cv_path_EGREP='/bin/grep -E'
ac_cv_path_FGREP='/bin/grep -F'
ac_cv_path_GREP=/bin/grep
ac_cv_path_SED=/bin/sed
ac_cv_path_ac_pt_PKG_CONFIG=/usr/bin/pkg-config
ac_cv_path_install='/usr/bin/install -c'
ac_cv_prog_AWK=mawk
ac_cv_prog_CPP='gcc -E'
ac_cv_prog_CXXCPP='g++ -E'
ac_cv_prog_ac_ct_AR=ar
ac_cv_prog_ac_ct_CC=gcc
ac_cv_prog_ac_ct_CXX=g++
ac_cv_prog_ac_ct_OBJDUMP=objdump
ac_cv_prog_ac_ct_RANLIB=ranlib
ac_cv_prog_ac_ct_STRIP=strip
ac_cv_prog_cc_c89=
ac_cv_prog_cc_g=yes
ac_cv_prog_cxx_g=yes
ac_cv_prog_make_make_set=yes
ac_cv_search_strerror='none required'
am_cv_CC_dependencies_compiler_type=gcc3
am_cv_CXX_dependencies_compiler_type=gcc3
am_cv_prog_cc_stdc=
lt_cv_ar_at_file=@
lt_cv_archive_cmds_need_lc=no
lt_cv_deplibs_check_method=pass_all
lt_cv_file_magic_cmd='$MAGIC_CMD'
lt_cv_file_magic_test_file=
lt_cv_ld_reload_flag=-r
lt_cv_nm_interface='BSD nm'
lt_cv_objdir=.libs
lt_cv_path_LD=/usr/bin/ld
lt_cv_path_LDCXX='/usr/bin/ld -m elf_x86_64'
lt_cv_path_NM='/usr/bin/nm -B'
lt_cv_path_mainfest_tool=no
lt_cv_prog_compiler_c_o=yes
lt_cv_prog_compiler_c_o_CXX=yes
lt_cv_prog_compiler_pic='-fPIC -DPIC'
lt_cv_prog_compiler_pic_CXX='-fPIC -DPIC'
lt_cv_prog_compiler_pic_works=yes
lt_cv_prog_compiler_pic_works_CXX=yes
lt_cv_prog_compiler_rtti_exceptions=no
lt_cv_prog_compiler_static_works=yes
lt_cv_prog_compiler_static_works_CXX=yes
lt_cv_prog_gnu_ld=yes
lt_cv_prog_gnu_ldcxx=yes
lt_cv_sharedlib_from_linklib_cmd='printf %s\n'
lt_cv_shlibpath_overrides_runpath=yes
lt_cv_sys_global_symbol_pipe='sed -n -e '\''s/^.*[	 ]\([ABCDGIRSTW][ABCDGIRSTW]*\)[	 ][	 ]*\([_A-Za-z][_A-Za-z0-9]*\)$/\1 \2 \2/p'\'' | sed '\''/ __gnu_lto/d'\'''
lt_cv_sys_global_symbol_to_c_name_address='sed -n -e '\''s/^: \([^ ]*\)[ ]*$/  {\"\1\", (void *) 0},/p'\'' -e '\''s/^[ABCDGIRSTW]* \([^ ]*\) \([^ ]*\)$/  {"\2", (void *) \&\2},/p'\'''
lt_cv_sys_global_symbol_to_c_name_address_lib_prefix='sed -n -e '\''s/^: \([^ ]*\)[ ]*$/  {\"\1\", (void *) 0},/p'\'' -e '\''s/^[ABCDGIRSTW]* \([^ ]*\) \(lib[^ ]*\)$/  {"\2", (void *) \&\2},/p'\'' -e '\''s/^[ABCDGIRSTW]* \([^ ]*\) \([^ ]*\)$/  {"lib\2", (void *) \&\2},/p'\'''
lt_cv_sys_global_symbol_to_cdecl='sed -n -e '\''s/^T .* \(.*\)$/extern int \1();/p'\'' -e '\''s/^[ABCDGIRSTW]* .* \(.*\)$/extern char \1;/p'\'''
lt_cv_sys_max_cmd_len=1572864
lt_cv_to_host_file_cmd=func_convert_file_noop
lt_cv_to_tool_file_cmd=func_convert_file_noop
pkg_cv_GLIB_CFLAGS='-I/usr/include/glib-2.0 -I/usr/lib/x86_64-linux-gnu/glib-2.0/include'
pkg_cv_GLIB_LIBS=-lglib-2.0

## ----------------- ##
## Output variables. ##
## ----------------- ##

ACLOCAL='${SHELL} /DL/Hackathon_2020/liblqr-1-0.4.2/missing --run aclocal-1.9 '
AMDEPBACKSLASH='\'
AMDEP_FALSE='#'
AMDEP_TRUE=''
AMTAR='${SHELL} /DL/Hackathon_2020/liblqr-1-0.4.2/missing --run tar'
API_VERSION='1'
AR='ar'
AS='as'
AUTOCONF='${SHELL} /DL/Hackathon_2020/liblqr-1-0.4.2/missing --run autoconf'
AUTOHEADER='${SHELL} /DL/Hackathon_2020/liblqr-1-0.4.2/missing --run autoheader'
AUTOMAKE='${SHELL} /DL/Hackathon_2020/liblqr-1-0.4.2/missing --run automake-1.9'
AWK='mawk'
CC='gcc'
CCDEPMODE='depmode=gcc3'
CFLAGS='-g -O2 -Wall'
CPP='gcc -E'
CPPFLAGS=''
CXX='g++'
CXXCPP='g++ -E'
CXXDEPMODE='depmode=gcc3'
CXXFLAGS='-g -O2'
CYGPATH_W='echo'
DATADIR='${datarootdir}/liblqr-1'
DEFS='-DHAVE_CONFIG_H'
DEPDIR='.deps'
DLLTOOL='false'
DSYMUTIL=''
DUMPBIN=''
ECHO_C=''
ECHO_N='-n'
ECHO_T=''
EGREP='/bin/grep -E'
EXEEXT=''
FGREP='/bin/grep -F'
FVISIBILITY_FLAG='-fvisibility="hidden"'
GLIB_CFLAGS='-I/usr/include/glib-2.0 -I/usr/lib/x86_64-linux-gnu/glib-2.0/include'
GLIB_DIR='/usr/lib/x86_64-linux-gnu'
GLIB_LIBS='-lglib-2.0'
GREP='/bin/grep'
INSTALL_DATA='${INSTALL} -m 644'
INSTALL_PROGRAM='${INSTALL}'
INSTALL_SCRIPT='${INSTALL}'
INSTALL_STRIP_PROGRAM='${SHELL} $(install_sh) -c -s'
INSTMAN_FALSE=''
INSTMAN_TRUE='#'
LD='/usr/bin/ld -m elf_x86_64'
LDFLAGS=''
LIBOBJS=''
LIBRARY_BASE_NAME='lqr'
LIBRARY_NAME='liblqr-1'
LIBRARY_SNAME='lqr-1'
LIBS=''
LIBTOOL='$(SHELL) $(top_builddir)/libtool'
LIPO=''
LN_S='ln -s'
LTLIBOBJS=''
LTVERSION='3:2:3'
LT_NOUNDEF_FLAG=''
MAINT='#'
MAINTAINER_MODE_FALSE=''
MAINTAINER_MODE_TRUE='#'
MAKEINFO='${SHELL} /DL/Hackathon_2020/liblqr-1-0.4.2/missing --run makeinfo'
MANIFEST_TOOL=':'
NM='/usr/bin/nm -B'
NMEDIT=''
OBJDUMP='objdump'
OBJEXT='o'
OTOOL64=''
OTOOL=''
PACKAGE='liblqr-1'
PACKAGE_BUGREPORT=''
PACKAGE_NAME='liblqr-1'
PACKAGE_STRING='liblqr-1 0.4.2'
PACKAGE_TARNAME='liblqr-1'
PACKAGE_URL=''
PACKAGE_VERSION='0.4.2'
PATH_SEPARATOR=':'
PKG_CONFIG='/usr/bin/pkg-config'
PKG_CONFIG_LIBDIR=''
PKG_CONFIG_PATH=''
RANLIB='ranlib'
SED='/bin/sed'
SET_MAKE=''
SHELL='/bin/bash'
STRIP='strip'
VERSION='0.4.2'
ac_ct_AR='ar'
ac_ct_CC='gcc'
ac_ct_CXX='g++'
ac_ct_DUMPBIN=''
am__fastdepCC_FALSE='#'
am__fastdepCC_TRUE=''
am__fastdepCXX_FALSE='#'
am__fastdepCXX_TRUE=''
am__include='include'
am__leading_dot='.'
am__quote=''
am__tar='${AMTAR} chof - "$$tardir"'
am__untar='${AMTAR} xf -'
bindir='${exec_prefix}/bin'
build='x86_64-unknown-linux-gnu'
build_alias=''
build_cpu='x86_64'
build_os='linux-gnu'
build_vendor='unknown'
datadir='${datarootdir}'
datarootdir='${prefix}/share'
docdir='${datarootdir}/doc/${PACKAGE_TARNAME}'
dvidir='${docdir}'
exec_prefix='${prefix}'
host='x86_64-unknown-linux-gnu'
host_alias=''
host_cpu='x86_64'
host_os='linux-gnu'
host_vendor='unknown'
htmldir='${docdir}'
includedir='${prefix}/include'
infodir='${datarootdir}/info'
install_sh='/DL/Hackathon_2020/liblqr-1-0.4.2/install-sh'
libdir='${exec_prefix}/lib'
libexecdir='${exec_prefix}/libexec'
localedir='${datarootdir}/locale'
localstatedir='${prefix}/var'
mandir='${datarootdir}/man'
mkdir_p='mkdir -p --'
oldincludedir='/usr/include'
pdfdir='${docdir}'
prefix='/usr'
program_transform_name='s,x,x,'
psdir='${docdir}'
sbindir='${exec_prefix}/sbin'
sharedstatedir='${prefix}/com'
sysconfdir='${prefix}/etc'
target_alias=''

## ----------- ##
## confdefs.h. ##
## ----------- ##

/* confdefs.h */
#define PACKAGE_NAME "liblqr-1"
#define PACKAGE_TARNAME "liblqr-1"
#define PACKAGE_VERSION "0.4.2"
#define PACKAGE_STRING "liblqr-1 0.4.2"
#define PACKAGE_BUGREPORT ""
#define PACKAGE_URL ""
#define LIBRARY_NAME PACKAGE_NAME
#define PACKAGE_MAJOR_VERSION 0
#define PACKAGE_MINOR_VERSION 4
#define PACKAGE_MICRO_VERSION 2
#define LTVERSION_CURRENT 3
#define LTVERSION_REVISON 2
#define LTVERSION_AGE 3
#define PACKAGE "liblqr-1"
#define VERSION "0.4.2"
#define STDC_HEADERS 1
#define HAVE_SYS_TYPES_H 1
#define HAVE_SYS_STAT_H 1
#define HAVE_STDLIB_H 1
#define HAVE_STRING_H 1
#define HAVE_MEMORY_H 1
#define HAVE_STRINGS_H 1
#define HAVE_INTTYPES_H 1
#define HAVE_STDINT_H 1
#define HAVE_UNISTD_H 1
#define HAVE_DLFCN_H 1
#define LT_OBJDIR ".libs/"
#define HAVE_BIND_TEXTDOMAIN_CODESET 1
#define LQR_EXPORTS /**/

configure: exit 0
